<?xml version="1.0" encoding="UTF-8"?>
<testng-results skipped="0" failed="0" total="0" passed="0">
  <reporter-output>
  </reporter-output>
  <suite name="com.galaxy.bbs.AppTest" duration-ms="4" started-at="2018-04-18T08:02:34Z" finished-at="2018-04-18T08:02:34Z">
    <groups>
    </groups>
    <test name="Command line test" duration-ms="4" started-at="2018-04-18T08:02:34Z" finished-at="2018-04-18T08:02:34Z">
    </test> <!-- Command line test -->
  </suite> <!-- com.galaxy.bbs.AppTest -->
</testng-results>
